<?xml version="1.0" encoding="UTF-8"?>
<!-- Generated by org.testng.reporters.JUnitReportReporter -->
<testsuite hostname="LAPTOP-0O8VOCIM" failures="0" tests="1" name="com.versapay.qa.test.Trial" time="9.599" errors="0" timestamp="05 Oct. 2020 16:21:05 GMT" skipped="0">
  <testcase classname="com.versapay.qa.test.Trial" name="methodOne" time="9.599"/>
</testsuite> <!-- com.versapay.qa.test.Trial -->
