<?xml version="1.0" encoding="UTF-8"?>
<!-- Generated by org.testng.reporters.JUnitReportReporter -->
<testsuite hostname="LAPTOP-0O8VOCIM" failures="0" tests="1" name="com.versapay.qa.test.LoginPageTest" time="13.830" errors="0" timestamp="06 Oct. 2020 15:15:46 GMT" skipped="0">
  <testcase classname="com.versapay.qa.test.LoginPageTest" name="loginMethodTest" time="13.830"/>
</testsuite> <!-- com.versapay.qa.test.LoginPageTest -->
